# JRE version: OpenJDK Runtime Environment (8.0_91-b14) (build 1.8.0_91-8u91-b14-3ubuntu1~15.10.1-b14)
# Java VM: OpenJDK 64-Bit Server VM (25.91-b14 mixed mode linux-amd64 compressed oops)
Heap:
 PSYoungGen      total 349696K, used 202464K [0x00000000e0000000, 0x0000000100000000, 0x0000000100000000)
  eden space 175104K, 100% used [0x00000000e0000000,0x00000000eab00000,0x00000000eab00000)
  from space 174592K, 15% used [0x00000000eab00000,0x00000000ec5b8000,0x00000000f5580000)
  to   space 174592K, 0% used [0x00000000f5580000,0x00000000f5640000,0x0000000100000000)
 ParOldGen       total 849920K, used 227223K [0x00000000a0000000, 0x00000000d3e00000, 0x00000000e0000000)
  object space 849920K, 26% used [0x00000000a0000000,0x00000000adde5ee8,0x00000000d3e00000)
 Metaspace       used 79034K, capacity 83502K, committed 83968K, reserved 1122304K
  class space    used 9835K, capacity 10606K, committed 10752K, reserved 1048576K
GC Heap History (10 events):
Event: 3895,124 GC heap after
Heap after GC invocations=196 (full 27):
 PSYoungGen      total 349696K, used 133368K [0x00000000e0000000, 0x0000000100000000, 0x0000000100000000)
  eden space 175104K, 0% used [0x00000000e0000000,0x00000000e0000000,0x00000000eab00000)
  from space 174592K, 76% used [0x00000000eab00000,0x00000000f2d3e070,0x00000000f5580000)
  to   space 174592K, 0% used [0x00000000f5580000,0x00000000f5580000,0x0000000100000000)
 ParOldGen       total 849920K, used 104555K [0x00000000a0000000, 0x00000000d3e00000, 0x00000000e0000000)
  object space 849920K, 12% used [0x00000000a0000000,0x00000000a661ac10,0x00000000d3e00000)
 Metaspace       used 79028K, capacity 83502K, committed 83968K, reserved 1122304K
  class space    used 9835K, capacity 10606K, committed 10752K, reserved 1048576K
}
Event: 3895,350 GC heap before
{Heap before GC invocations=197 (full 27):
 PSYoungGen      total 349696K, used 308472K [0x00000000e0000000, 0x0000000100000000, 0x0000000100000000)
  eden space 175104K, 100% used [0x00000000e0000000,0x00000000eab00000,0x00000000eab00000)
  from space 174592K, 76% used [0x00000000eab00000,0x00000000f2d3e070,0x00000000f5580000)
  to   space 174592K, 0% used [0x00000000f5580000,0x00000000f5580000,0x0000000100000000)
 ParOldGen       total 849920K, used 104555K [0x00000000a0000000, 0x00000000d3e00000, 0x00000000e0000000)
  object space 849920K, 12% used [0x00000000a0000000,0x00000000a661ac10,0x00000000d3e00000)
 Metaspace       used 79028K, capacity 83502K, committed 83968K, reserved 1122304K
  class space    used 9835K, capacity 10606K, committed 10752K, reserved 1048576K
Event: 3900,353 GC heap after
Heap after GC invocations=197 (full 27):
 PSYoungGen      total 349696K, used 127368K [0x00000000e0000000, 0x0000000100000000, 0x0000000100000000)
  eden space 175104K, 0% used [0x00000000e0000000,0x00000000e0000000,0x00000000eab00000)
  from space 174592K, 72% used [0x00000000f5580000,0x00000000fd1e2060,0x0000000100000000)
  to   space 174592K, 0% used [0x00000000eab00000,0x00000000eab00000,0x00000000f5580000)
 ParOldGen       total 849920K, used 113164K [0x00000000a0000000, 0x00000000d3e00000, 0x00000000e0000000)
  object space 849920K, 13% used [0x00000000a0000000,0x00000000a6e833b0,0x00000000d3e00000)
 Metaspace       used 79028K, capacity 83502K, committed 83968K, reserved 1122304K
  class space    used 9835K, capacity 10606K, committed 10752K, reserved 1048576K
}
Event: 3900,507 GC heap before
{Heap before GC invocations=198 (full 27):
 PSYoungGen      total 349696K, used 302472K [0x00000000e0000000, 0x0000000100000000, 0x0000000100000000)
  eden space 175104K, 100% used [0x00000000e0000000,0x00000000eab00000,0x00000000eab00000)
  from space 174592K, 72% used [0x00000000f5580000,0x00000000fd1e2060,0x0000000100000000)
  to   space 174592K, 0% used [0x00000000eab00000,0x00000000eab00000,0x00000000f5580000)
 ParOldGen       total 849920K, used 113164K [0x00000000a0000000, 0x00000000d3e00000, 0x00000000e0000000)
  object space 849920K, 13% used [0x00000000a0000000,0x00000000a6e833b0,0x00000000d3e00000)
 Metaspace       used 79028K, capacity 83502K, committed 83968K, reserved 1122304K
  class space    used 9835K, capacity 10606K, committed 10752K, reserved 1048576K
Event: 3929,102 GC heap after
Heap after GC invocations=198 (full 27):
 PSYoungGen      total 349696K, used 107102K [0x00000000e0000000, 0x0000000100000000, 0x0000000100000000)
  eden space 175104K, 0% used [0x00000000e0000000,0x00000000e0000000,0x00000000eab00000)
  from space 174592K, 61% used [0x00000000eab00000,0x00000000f1397860,0x00000000f5580000)
  to   space 174592K, 0% used [0x00000000f5580000,0x00000000f5580000,0x0000000100000000)
 ParOldGen       total 849920K, used 136002K [0x00000000a0000000, 0x00000000d3e00000, 0x00000000e0000000)
  object space 849920K, 16% used [0x00000000a0000000,0x00000000a84d0948,0x00000000d3e00000)
 Metaspace       used 79028K, capacity 83502K, committed 83968K, reserved 1122304K
  class space    used 9835K, capacity 10606K, committed 10752K, reserved 1048576K
}
Event: 3929,913 GC heap before
{Heap before GC invocations=199 (full 27):
 PSYoungGen      total 349696K, used 282206K [0x00000000e0000000, 0x0000000100000000, 0x0000000100000000)
  eden space 175104K, 100% used [0x00000000e0000000,0x00000000eab00000,0x00000000eab00000)
  from space 174592K, 61% used [0x00000000eab00000,0x00000000f1397860,0x00000000f5580000)
  to   space 174592K, 0% used [0x00000000f5580000,0x00000000f5580000,0x0000000100000000)
 ParOldGen       total 849920K, used 136002K [0x00000000a0000000, 0x00000000d3e00000, 0x00000000e0000000)
  object space 849920K, 16% used [0x00000000a0000000,0x00000000a84d0948,0x00000000d3e00000)
 Metaspace       used 79028K, capacity 83502K, committed 83968K, reserved 1122304K
  class space    used 9835K, capacity 10606K, committed 10752K, reserved 1048576K
Event: 3973,020 GC heap after
Heap after GC invocations=199 (full 27):
 PSYoungGen      total 349696K, used 32832K [0x00000000e0000000, 0x0000000100000000, 0x0000000100000000)
  eden space 175104K, 0% used [0x00000000e0000000,0x00000000e0000000,0x00000000eab00000)
  from space 174592K, 18% used [0x00000000f5580000,0x00000000f7590000,0x0000000100000000)
  to   space 174592K, 0% used [0x00000000eab00000,0x00000000eab00000,0x00000000f5580000)
 ParOldGen       total 849920K, used 213183K [0x00000000a0000000, 0x00000000d3e00000, 0x00000000e0000000)
  object space 849920K, 25% used [0x00000000a0000000,0x00000000ad02fee8,0x00000000d3e00000)
 Metaspace       used 79028K, capacity 83502K, committed 83968K, reserved 1122304K
  class space    used 9835K, capacity 10606K, committed 10752K, reserved 1048576K
}
Event: 3973,395 GC heap before
{Heap before GC invocations=200 (full 27):
 PSYoungGen      total 349696K, used 207936K [0x00000000e0000000, 0x0000000100000000, 0x0000000100000000)
  eden space 175104K, 100% used [0x00000000e0000000,0x00000000eab00000,0x00000000eab00000)
  from space 174592K, 18% used [0x00000000f5580000,0x00000000f7590000,0x0000000100000000)
  to   space 174592K, 0% used [0x00000000eab00000,0x00000000eab00000,0x00000000f5580000)
 ParOldGen       total 849920K, used 213183K [0x00000000a0000000, 0x00000000d3e00000, 0x00000000e0000000)
  object space 849920K, 25% used [0x00000000a0000000,0x00000000ad02fee8,0x00000000d3e00000)
 Metaspace       used 79028K, capacity 83502K, committed 83968K, reserved 1122304K
  class space    used 9835K, capacity 10606K, committed 10752K, reserved 1048576K
Event: 3978,587 GC heap after
Heap after GC invocations=200 (full 27):
 PSYoungGen      total 349696K, used 27360K [0x00000000e0000000, 0x0000000100000000, 0x0000000100000000)
  eden space 175104K, 0% used [0x00000000e0000000,0x00000000e0000000,0x00000000eab00000)
  from space 174592K, 15% used [0x00000000eab00000,0x00000000ec5b8000,0x00000000f5580000)
  to   space 174592K, 0% used [0x00000000f5580000,0x00000000f5580000,0x0000000100000000)
 ParOldGen       total 849920K, used 222959K [0x00000000a0000000, 0x00000000d3e00000, 0x00000000e0000000)
  object space 849920K, 26% used [0x00000000a0000000,0x00000000ad9bbee8,0x00000000d3e00000)
 Metaspace       used 79028K, capacity 83502K, committed 83968K, reserved 1122304K
  class space    used 9835K, capacity 10606K, committed 10752K, reserved 1048576K
}
Event: 3980,661 GC heap before
{Heap before GC invocations=201 (full 27):
 PSYoungGen      total 349696K, used 202464K [0x00000000e0000000, 0x0000000100000000, 0x0000000100000000)
  eden space 175104K, 100% used [0x00000000e0000000,0x00000000eab00000,0x00000000eab00000)
  from space 174592K, 15% used [0x00000000eab00000,0x00000000ec5b8000,0x00000000f5580000)
  to   space 174592K, 0% used [0x00000000f5580000,0x00000000f5580000,0x0000000100000000)
 ParOldGen       total 849920K, used 222959K [0x00000000a0000000, 0x00000000d3e00000, 0x00000000e0000000)
  object space 849920K, 26% used [0x00000000a0000000,0x00000000ad9bbee8,0x00000000d3e00000)
 Metaspace       used 79034K, capacity 83502K, committed 83968K, reserved 1122304K
  class space    used 9835K, capacity 10606K, committed 10752K, reserved 1048576K

