# JRE version: OpenJDK Runtime Environment (8.0_91-b14) (build 1.8.0_91-8u91-b14-3ubuntu1~15.10.1-b14)
# Java VM: OpenJDK 64-Bit Server VM (25.91-b14 mixed mode linux-amd64 compressed oops)
Heap:
 PSYoungGen      total 225792K, used 225362K [0x00000000e0000000, 0x00000000feb00000, 0x0000000100000000)
  eden space 196608K, 100% used [0x00000000e0000000,0x00000000ec000000,0x00000000ec000000)
  from space 29184K, 98% used [0x00000000ec000000,0x00000000edc14a08,0x00000000edc80000)
  to   space 151040K, 7% used [0x00000000f5780000,0x00000000f6299b58,0x00000000feb00000)
 ParOldGen       total 1048576K, used 219172K [0x00000000a0000000, 0x00000000e0000000, 0x00000000e0000000)
  object space 1048576K, 20% used [0x00000000a0000000,0x00000000ad609140,0x00000000e0000000)
 Metaspace       used 76996K, capacity 79824K, committed 83072K, reserved 1122304K
  class space    used 9201K, capacity 9618K, committed 10368K, reserved 1048576K
GC Heap History (10 events):
Event: 9770,727 GC heap after
Heap after GC invocations=379 (full 38):
 PSYoungGen      total 203264K, used 14624K [0x00000000e0000000, 0x00000000fff00000, 0x0000000100000000)
  eden space 188416K, 0% used [0x00000000e0000000,0x00000000e0000000,0x00000000eb800000)
  from space 14848K, 98% used [0x00000000eb800000,0x00000000ec648000,0x00000000ec680000)
  to   space 167424K, 0% used [0x00000000f5b80000,0x00000000f5b80000,0x00000000fff00000)
 ParOldGen       total 1048576K, used 168448K [0x00000000a0000000, 0x00000000e0000000, 0x00000000e0000000)
  object space 1048576K, 16% used [0x00000000a0000000,0x00000000aa480128,0x00000000e0000000)
 Metaspace       used 76993K, capacity 79824K, committed 83072K, reserved 1122304K
  class space    used 9201K, capacity 9618K, committed 10368K, reserved 1048576K
}
Event: 9771,217 GC heap before
{Heap before GC invocations=380 (full 38):
 PSYoungGen      total 203264K, used 203040K [0x00000000e0000000, 0x00000000fff00000, 0x0000000100000000)
  eden space 188416K, 100% used [0x00000000e0000000,0x00000000eb800000,0x00000000eb800000)
  from space 14848K, 98% used [0x00000000eb800000,0x00000000ec648000,0x00000000ec680000)
  to   space 167424K, 0% used [0x00000000f5b80000,0x00000000f5b80000,0x00000000fff00000)
 ParOldGen       total 1048576K, used 168448K [0x00000000a0000000, 0x00000000e0000000, 0x00000000e0000000)
  object space 1048576K, 16% used [0x00000000a0000000,0x00000000aa480128,0x00000000e0000000)
 Metaspace       used 76993K, capacity 79824K, committed 83072K, reserved 1122304K
  class space    used 9201K, capacity 9618K, committed 10368K, reserved 1048576K
Event: 9773,412 GC heap after
Heap after GC invocations=380 (full 38):
 PSYoungGen      total 356864K, used 8640K [0x00000000e0000000, 0x0000000100000000, 0x0000000100000000)
  eden space 189440K, 0% used [0x00000000e0000000,0x00000000e0000000,0x00000000eb900000)
  from space 167424K, 5% used [0x00000000f5b80000,0x00000000f63f0000,0x00000000fff00000)
  to   space 166400K, 0% used [0x00000000eb900000,0x00000000eb900000,0x00000000f5b80000)
 ParOldGen       total 1048576K, used 178632K [0x00000000a0000000, 0x00000000e0000000, 0x00000000e0000000)
  object space 1048576K, 17% used [0x00000000a0000000,0x00000000aae72128,0x00000000e0000000)
 Metaspace       used 76993K, capacity 79824K, committed 83072K, reserved 1122304K
  class space    used 9201K, capacity 9618K, committed 10368K, reserved 1048576K
}
Event: 9791,417 GC heap before
{Heap before GC invocations=381 (full 38):
 PSYoungGen      total 356864K, used 198080K [0x00000000e0000000, 0x0000000100000000, 0x0000000100000000)
  eden space 189440K, 100% used [0x00000000e0000000,0x00000000eb900000,0x00000000eb900000)
  from space 167424K, 5% used [0x00000000f5b80000,0x00000000f63f0000,0x00000000fff00000)
  to   space 166400K, 0% used [0x00000000eb900000,0x00000000eb900000,0x00000000f5b80000)
 ParOldGen       total 1048576K, used 178632K [0x00000000a0000000, 0x00000000e0000000, 0x00000000e0000000)
  object space 1048576K, 17% used [0x00000000a0000000,0x00000000aae72128,0x00000000e0000000)
 Metaspace       used 76996K, capacity 79824K, committed 83072K, reserved 1122304K
  class space    used 9201K, capacity 9618K, committed 10368K, reserved 1048576K
Event: 9795,640 GC heap after
Heap after GC invocations=381 (full 38):
 PSYoungGen      total 192512K, used 2788K [0x00000000e0000000, 0x00000000ffc00000, 0x0000000100000000)
  eden space 189440K, 0% used [0x00000000e0000000,0x00000000e0000000,0x00000000eb900000)
  from space 3072K, 90% used [0x00000000eb900000,0x00000000ebbb9298,0x00000000ebc00000)
  to   space 164864K, 0% used [0x00000000f5b00000,0x00000000f5b00000,0x00000000ffc00000)
 ParOldGen       total 1048576K, used 184848K [0x00000000a0000000, 0x00000000e0000000, 0x00000000e0000000)
  object space 1048576K, 17% used [0x00000000a0000000,0x00000000ab484128,0x00000000e0000000)
 Metaspace       used 76996K, capacity 79824K, committed 83072K, reserved 1122304K
  class space    used 9201K, capacity 9618K, committed 10368K, reserved 1048576K
}
Event: 9798,489 GC heap before
{Heap before GC invocations=382 (full 38):
 PSYoungGen      total 192512K, used 192228K [0x00000000e0000000, 0x00000000ffc00000, 0x0000000100000000)
  eden space 189440K, 100% used [0x00000000e0000000,0x00000000eb900000,0x00000000eb900000)
  from space 3072K, 90% used [0x00000000eb900000,0x00000000ebbb9298,0x00000000ebc00000)
  to   space 164864K, 0% used [0x00000000f5b00000,0x00000000f5b00000,0x00000000ffc00000)
 ParOldGen       total 1048576K, used 184848K [0x00000000a0000000, 0x00000000e0000000, 0x00000000e0000000)
  object space 1048576K, 17% used [0x00000000a0000000,0x00000000ab484128,0x00000000e0000000)
 Metaspace       used 76996K, capacity 79824K, committed 83072K, reserved 1122304K
  class space    used 9201K, capacity 9618K, committed 10368K, reserved 1048576K
Event: 9799,210 GC heap after
Heap after GC invocations=382 (full 38):
 PSYoungGen      total 361472K, used 20790K [0x00000000e0000000, 0x0000000100000000, 0x0000000100000000)
  eden space 196608K, 0% used [0x00000000e0000000,0x00000000e0000000,0x00000000ec000000)
  from space 164864K, 12% used [0x00000000f5b00000,0x00000000f6f4d8d0,0x00000000ffc00000)
  to   space 158720K, 0% used [0x00000000ec000000,0x00000000ec000000,0x00000000f5b00000)
 ParOldGen       total 1048576K, used 187573K [0x00000000a0000000, 0x00000000e0000000, 0x00000000e0000000)
  object space 1048576K, 17% used [0x00000000a0000000,0x00000000ab72d410,0x00000000e0000000)
 Metaspace       used 76996K, capacity 79824K, committed 83072K, reserved 1122304K
  class space    used 9201K, capacity 9618K, committed 10368K, reserved 1048576K
}
Event: 9799,677 GC heap before
{Heap before GC invocations=383 (full 38):
 PSYoungGen      total 361472K, used 217398K [0x00000000e0000000, 0x0000000100000000, 0x0000000100000000)
  eden space 196608K, 100% used [0x00000000e0000000,0x00000000ec000000,0x00000000ec000000)
  from space 164864K, 12% used [0x00000000f5b00000,0x00000000f6f4d8d0,0x00000000ffc00000)
  to   space 158720K, 0% used [0x00000000ec000000,0x00000000ec000000,0x00000000f5b00000)
 ParOldGen       total 1048576K, used 187573K [0x00000000a0000000, 0x00000000e0000000, 0x00000000e0000000)
  object space 1048576K, 17% used [0x00000000a0000000,0x00000000ab72d410,0x00000000e0000000)
 Metaspace       used 76996K, capacity 79824K, committed 83072K, reserved 1122304K
  class space    used 9201K, capacity 9618K, committed 10368K, reserved 1048576K
Event: 9800,222 GC heap after
Heap after GC invocations=383 (full 38):
 PSYoungGen      total 225792K, used 28754K [0x00000000e0000000, 0x00000000feb00000, 0x0000000100000000)
  eden space 196608K, 0% used [0x00000000e0000000,0x00000000e0000000,0x00000000ec000000)
  from space 29184K, 98% used [0x00000000ec000000,0x00000000edc14a08,0x00000000edc80000)
  to   space 151040K, 0% used [0x00000000f5780000,0x00000000f5780000,0x00000000feb00000)
 ParOldGen       total 1048576K, used 207356K [0x00000000a0000000, 0x00000000e0000000, 0x00000000e0000000)
  object space 1048576K, 19% used [0x00000000a0000000,0x00000000aca7f3b0,0x00000000e0000000)
 Metaspace       used 76996K, capacity 79824K, committed 83072K, reserved 1122304K
  class space    used 9201K, capacity 9618K, committed 10368K, reserved 1048576K
}
Event: 9800,596 GC heap before
{Heap before GC invocations=384 (full 38):
 PSYoungGen      total 225792K, used 225362K [0x00000000e0000000, 0x00000000feb00000, 0x0000000100000000)
  eden space 196608K, 100% used [0x00000000e0000000,0x00000000ec000000,0x00000000ec000000)
  from space 29184K, 98% used [0x00000000ec000000,0x00000000edc14a08,0x00000000edc80000)
  to   space 151040K, 0% used [0x00000000f5780000,0x00000000f5780000,0x00000000feb00000)
 ParOldGen       total 1048576K, used 207356K [0x00000000a0000000, 0x00000000e0000000, 0x00000000e0000000)
  object space 1048576K, 19% used [0x00000000a0000000,0x00000000aca7f3b0,0x00000000e0000000)
 Metaspace       used 76996K, capacity 79824K, committed 83072K, reserved 1122304K
  class space    used 9201K, capacity 9618K, committed 10368K, reserved 1048576K

